<?xml version="1.0" encoding="UTF-8"?>
<testng-results skipped="0" failed="0" ignored="0" total="1" passed="1">
  <reporter-output>
  </reporter-output>
  <suite name="Surefire suite" duration-ms="124" started-at="2020-09-22T09:58:51Z" finished-at="2020-09-22T09:58:51Z">
    <groups>
    </groups>
    <test name="Surefire test" duration-ms="124" started-at="2020-09-22T09:58:51Z" finished-at="2020-09-22T09:58:51Z">
      <class name="firstGroup.AppTest">
        <test-method status="PASS" signature="shouldAnswerWithTrue()" name="shouldAnswerWithTrue" duration-ms="13" started-at="2020-09-22T09:58:51Z" finished-at="2020-09-22T09:58:51Z">
          <reporter-output>
          </reporter-output>
        </test-method> <!-- shouldAnswerWithTrue -->
      </class> <!-- firstGroup.AppTest -->
    </test> <!-- Surefire test -->
  </suite> <!-- Surefire suite -->
</testng-results>
